Determining if the pthread_create exist failed with the following output:
Change Dir: /home/pi/ros_catkin_ws/build/CMakeFiles/CMakeTmp

Run Build Command:"/usr/bin/make" "cmTC_9fa6f/fast"
/usr/bin/make -f CMakeFiles/cmTC_9fa6f.dir/build.make CMakeFiles/cmTC_9fa6f.dir/build
make[1]: Entering directory '/home/pi/ros_catkin_ws/build/CMakeFiles/CMakeTmp'
Building C object CMakeFiles/cmTC_9fa6f.dir/CheckSymbolExists.c.o
/usr/bin/cc     -o CMakeFiles/cmTC_9fa6f.dir/CheckSymbolExists.c.o   -c /home/pi/ros_catkin_ws/build/CMakeFiles/CMakeTmp/CheckSymbolExists.c
Linking C executable cmTC_9fa6f
/usr/bin/cmake -E cmake_link_script CMakeFiles/cmTC_9fa6f.dir/link.txt --verbose=1
/usr/bin/cc       CMakeFiles/cmTC_9fa6f.dir/CheckSymbolExists.c.o  -o cmTC_9fa6f -rdynamic 
CMakeFiles/cmTC_9fa6f.dir/CheckSymbolExists.c.o: In function `main':
CheckSymbolExists.c:(.text+0x38): undefined reference to `pthread_create'
collect2: error: ld returned 1 exit status
CMakeFiles/cmTC_9fa6f.dir/build.make:97: recipe for target 'cmTC_9fa6f' failed
make[1]: *** [cmTC_9fa6f] Error 1
make[1]: Leaving directory '/home/pi/ros_catkin_ws/build/CMakeFiles/CMakeTmp'
Makefile:126: recipe for target 'cmTC_9fa6f/fast' failed
make: *** [cmTC_9fa6f/fast] Error 2

File /home/pi/ros_catkin_ws/build/CMakeFiles/CMakeTmp/CheckSymbolExists.c:
/* */
#include <pthread.h>

int main(int argc, char** argv)
{
  (void)argv;
#ifndef pthread_create
  return ((int*)(&pthread_create))[argc];
#else
  (void)argc;
  return 0;
#endif
}

Determining if the function pthread_create exists in the pthreads failed with the following output:
Change Dir: /home/pi/ros_catkin_ws/build/CMakeFiles/CMakeTmp

Run Build Command:"/usr/bin/make" "cmTC_61674/fast"
/usr/bin/make -f CMakeFiles/cmTC_61674.dir/build.make CMakeFiles/cmTC_61674.dir/build
make[1]: Entering directory '/home/pi/ros_catkin_ws/build/CMakeFiles/CMakeTmp'
Building C object CMakeFiles/cmTC_61674.dir/CheckFunctionExists.c.o
/usr/bin/cc    -DCHECK_FUNCTION_EXISTS=pthread_create   -o CMakeFiles/cmTC_61674.dir/CheckFunctionExists.c.o   -c /usr/share/cmake-3.7/Modules/CheckFunctionExists.c
Linking C executable cmTC_61674
/usr/bin/cmake -E cmake_link_script CMakeFiles/cmTC_61674.dir/link.txt --verbose=1
/usr/bin/cc   -DCHECK_FUNCTION_EXISTS=pthread_create    CMakeFiles/cmTC_61674.dir/CheckFunctionExists.c.o  -o cmTC_61674 -rdynamic -lpthreads 
/usr/bin/ld: cannot find -lpthreads
collect2: error: ld returned 1 exit status
CMakeFiles/cmTC_61674.dir/build.make:97: recipe for target 'cmTC_61674' failed
make[1]: *** [cmTC_61674] Error 1
make[1]: Leaving directory '/home/pi/ros_catkin_ws/build/CMakeFiles/CMakeTmp'
Makefile:126: recipe for target 'cmTC_61674/fast' failed
make: *** [cmTC_61674/fast] Error 2


Performing C++ SOURCE FILE Test HAVE_CXXABI_H failed with the following output:
Change Dir: /home/pi/ros_catkin_ws/build/CMakeFiles/CMakeTmp

Run Build Command:"/usr/bin/make" "cmTC_e754e/fast"
/usr/bin/make -f CMakeFiles/cmTC_e754e.dir/build.make CMakeFiles/cmTC_e754e.dir/build
make[1]: Entering directory '/home/pi/ros_catkin_ws/build/CMakeFiles/CMakeTmp'
Building CXX object CMakeFiles/cmTC_e754e.dir/src.cxx.o
/usr/bin/c++     -DHAVE_CXXABI_H   -o CMakeFiles/cmTC_e754e.dir/src.cxx.o -c /home/pi/ros_catkin_ws/build/CMakeFiles/CMakeTmp/src.cxx
/home/pi/ros_catkin_ws/build/CMakeFiles/CMakeTmp/src.cxx:2:8: error: expected constructor, destructor, or type conversion before ‘(’ token
 intmain(intargc,char**argv){}
        ^
CMakeFiles/cmTC_e754e.dir/build.make:65: recipe for target 'CMakeFiles/cmTC_e754e.dir/src.cxx.o' failed
make[1]: *** [CMakeFiles/cmTC_e754e.dir/src.cxx.o] Error 1
make[1]: Leaving directory '/home/pi/ros_catkin_ws/build/CMakeFiles/CMakeTmp'
Makefile:126: recipe for target 'cmTC_e754e/fast' failed
make: *** [cmTC_e754e/fast] Error 2

Source file was:
#include<cxxabi.h>
intmain(intargc,char**argv){}
Determining if the function trunc exists failed with the following output:
Change Dir: /home/pi/ros_catkin_ws/build/CMakeFiles/CMakeTmp

Run Build Command:"/usr/bin/make" "cmTC_fe259/fast"
/usr/bin/make -f CMakeFiles/cmTC_fe259.dir/build.make CMakeFiles/cmTC_fe259.dir/build
make[1]: Entering directory '/home/pi/ros_catkin_ws/build/CMakeFiles/CMakeTmp'
Building C object CMakeFiles/cmTC_fe259.dir/CheckFunctionExists.c.o
/usr/bin/cc    -DCHECK_FUNCTION_EXISTS=trunc   -o CMakeFiles/cmTC_fe259.dir/CheckFunctionExists.c.o   -c /usr/share/cmake-3.7/Modules/CheckFunctionExists.c
<command-line>:0:23: warning: conflicting types for built-in function ‘trunc’
/usr/share/cmake-3.7/Modules/CheckFunctionExists.c:7:3: note: in expansion of macro ‘CHECK_FUNCTION_EXISTS’
   CHECK_FUNCTION_EXISTS();
   ^~~~~~~~~~~~~~~~~~~~~
Linking C executable cmTC_fe259
/usr/bin/cmake -E cmake_link_script CMakeFiles/cmTC_fe259.dir/link.txt --verbose=1
/usr/bin/cc   -DCHECK_FUNCTION_EXISTS=trunc    CMakeFiles/cmTC_fe259.dir/CheckFunctionExists.c.o  -o cmTC_fe259 -rdynamic 
CMakeFiles/cmTC_fe259.dir/CheckFunctionExists.c.o: In function `main':
CheckFunctionExists.c:(.text+0x14): undefined reference to `trunc'
collect2: error: ld returned 1 exit status
CMakeFiles/cmTC_fe259.dir/build.make:97: recipe for target 'cmTC_fe259' failed
make[1]: *** [cmTC_fe259] Error 1
make[1]: Leaving directory '/home/pi/ros_catkin_ws/build/CMakeFiles/CMakeTmp'
Makefile:126: recipe for target 'cmTC_fe259/fast' failed
make: *** [cmTC_fe259/fast] Error 2


